Arguments: 
  /Users/nitinmittal/.nvm/versions/node/v10.21.0/bin/node /usr/local/Cellar/yarn/1.22.10/libexec/bin/yarn.js start

PATH: 
  /Users/nitinmittal/.nvm/versions/node/v10.21.0/bin:/Library/Frameworks/Python.framework/Versions/3.9/bin:/usr/local/bin:/usr/bin:/bin:/usr/sbin:/sbin:/Users/nitinmittal/.nvm/versions/node/v10.21.0/bin

Yarn version: 
  1.22.10

Node version: 
  10.21.0

Platform: 
  darwin x64

Trace: 
  SyntaxError: /Users/nitinmittal/Desktop/matic/safe-react-apps/package.json: Unexpected token } in JSON at position 179
      at JSON.parse (<anonymous>)
      at /usr/local/Cellar/yarn/1.22.10/libexec/lib/cli.js:1625:59
      at Generator.next (<anonymous>)
      at step (/usr/local/Cellar/yarn/1.22.10/libexec/lib/cli.js:310:30)
      at /usr/local/Cellar/yarn/1.22.10/libexec/lib/cli.js:321:13

npm manifest: 
  {
    "name": "tx-builder",
    "version": "1.0.2",
    "private": true,
    "homepage": "./",
    "dependencies": {
      "@gnosis.pm/safe-react-components": "^0.5.0",
      "@material-ui/core": "^4.11.3",
      "@types/lodash": "^4.14.168",
      "axios": "^0.21.1",
      "lodash": "^4.17.21",
      "web3": "~1.3.0"
    },
    "scripts": {
      "start": "dotenv -e .env -- react-app-rewired start",
      "build": "dotenv -e .env -- react-app-rewired build",
      "test": "react-app-rewired test --passWithNoTests"
    },
    "eslintConfig": {
      "extends": "react-app"
    },
    "browserslist": {
      "production": [
        ">0.2%",
        "not dead",
        "not op_mini all"
      ],
      "development": [
        "last 1 chrome version",
        "last 1 firefox version",
        "last 1 safari version"
      ]
    }
  }

yarn manifest: 
  No manifest

Lockfile: 
  No lockfile
